<?xml version="1.0" encoding="UTF-8"?>
<!-- Generated by org.testng.reporters.JUnitReportReporter -->
<testsuite skipped="0" hostname="HIQSTOL711" name="se.hiq.ExampleThreeTest" tests="3" failures="0" timestamp="06 sep 2018 13:12:53 GMT" time="4.826" errors="0">
  <testcase name="launchBrowser" time="1.943" classname="se.hiq.ExampleThreeTest"/>
  <testcase name="openEdgeBrowser" time="0.540" classname="se.hiq.ExampleThreeTest"/>
  <testcase name="closeDriver" time="2.343" classname="se.hiq.ExampleThreeTest"/>
</testsuite> <!-- se.hiq.ExampleThreeTest -->
